2025-03-21 17:40:41 - DEBUG - Skipping Selenium Manager; path to chrome driver specified in Service class: chromedriver.exe
2025-03-21 17:40:41 - DEBUG - Started executable: `chromedriver.exe` in a child process with pid: 46664 using 0 to output -3
2025-03-21 17:40:42 - DEBUG - POST http://localhost:56436/session {'capabilities': {'firstMatch': [{}], 'alwaysMatch': {'browserName': 'chrome', 'pageLoadStrategy': <PageLoadStrategy.normal: 'normal'>, 'goog:chromeOptions': {'extensions': [], 'args': []}}}}
2025-03-21 17:40:42 - DEBUG - Starting new HTTP connection (1): localhost:56436
2025-03-21 17:40:43 - DEBUG - http://localhost:56436 "POST /session HTTP/1.1" 200 0
2025-03-21 17:40:43 - DEBUG - Remote response: status=200 | data={"value":{"capabilities":{"acceptInsecureCerts":false,"browserName":"chrome","browserVersion":"134.0.6998.89","chrome":{"chromedriverVersion":"134.0.6998.88 (7e3d5c978c6d3a6eda25692cfac7f893a2b20dd0-refs/branch-heads/6998@{#1898})","userDataDir":"C:\\Users\\alexa\\AppData\\Local\\Temp\\scoped_dir46664_1871222403"},"fedcm:accounts":true,"goog:chromeOptions":{"debuggerAddress":"localhost:56439"},"networkConnectionEnabled":false,"pageLoadStrategy":"normal","platformName":"windows","proxy":{},"setWindowRect":true,"strictFileInteractability":false,"timeouts":{"implicit":0,"pageLoad":300000,"script":30000},"unhandledPromptBehavior":"dismiss and notify","webauthn:extension:credBlob":true,"webauthn:extension:largeBlob":true,"webauthn:extension:minPinLength":true,"webauthn:extension:prf":true,"webauthn:virtualAuthenticators":true},"sessionId":"e926ac32c761fad5d01c8eef35f319b7"}} | headers=HTTPHeaderDict({'Content-Length': '882', 'Content-Type': 'application/json; charset=utf-8', 'cache-control': 'no-cache'})
2025-03-21 17:40:43 - DEBUG - Finished Request
2025-03-21 17:40:43 - DEBUG - POST http://localhost:56436/session/e926ac32c761fad5d01c8eef35f319b7/url {'url': 'https://login.eset.com/Register'}
2025-03-21 17:40:44 - DEBUG - http://localhost:56436 "POST /session/e926ac32c761fad5d01c8eef35f319b7/url HTTP/1.1" 200 0
2025-03-21 17:40:44 - DEBUG - Remote response: status=200 | data={"value":null} | headers=HTTPHeaderDict({'Content-Length': '14', 'Content-Type': 'application/json; charset=utf-8', 'cache-control': 'no-cache'})
2025-03-21 17:40:44 - DEBUG - Finished Request
2025-03-21 17:40:44 - DEBUG - POST http://localhost:56436/session/e926ac32c761fad5d01c8eef35f319b7/element {'using': 'xpath', 'value': '//*[@id="cookiebar"]/div[1]'}
2025-03-21 17:40:44 - DEBUG - http://localhost:56436 "POST /session/e926ac32c761fad5d01c8eef35f319b7/element HTTP/1.1" 404 0
2025-03-21 17:40:44 - DEBUG - Remote response: status=404 | data={"value":{"error":"no such element","message":"no such element: Unable to locate element: {\"method\":\"xpath\",\"selector\":\"//*[@id=\"cookiebar\"]/div[1]\"}\n  (Session info: chrome=134.0.6998.89)","stacktrace":"\tGetHandleVerifier [0x00007FF78BFDFE45+26629]\n\t(No symbol) [0x00007FF78BF46010]\n\t(No symbol) [0x00007FF78BDD931A]\n\t(No symbol) [0x00007FF78BE2F8E7]\n\t(No symbol) [0x00007FF78BE2FB1C]\n\t(No symbol) [0x00007FF78BE834A7]\n\t(No symbol) [0x00007FF78BE57AEF]\n\t(No symbol) [0x00007FF78BE80169]\n\t(No symbol) [0x00007FF78BE57883]\n\t(No symbol) [0x00007FF78BE20550]\n\t(No symbol) [0x00007FF78BE21803]\n\tGetHandleVerifier [0x00007FF78C3372BD+3529853]\n\tGetHandleVerifier [0x00007FF78C34DA22+3621858]\n\tGetHandleVerifier [0x00007FF78C3424D3+3575443]\n\tGetHandleVerifier [0x00007FF78C0AB77A+860474]\n\t(No symbol) [0x00007FF78BF5088F]\n\t(No symbol) [0x00007FF78BF4CBC4]\n\t(No symbol) [0x00007FF78BF4CD66]\n\t(No symbol) [0x00007FF78BF3C2C9]\n\tBaseThreadInitThunk [0x00007FFD9775E8D7+23]\n\tRtlUserThreadStart [0x00007FFD995BBF6C+44]\n"}} | headers=HTTPHeaderDict({'Content-Length': '1062', 'Content-Type': 'application/json; charset=utf-8', 'cache-control': 'no-cache'})
2025-03-21 17:40:44 - DEBUG - Finished Request
2025-03-21 17:40:44 - DEBUG - POST http://localhost:56436/session/e926ac32c761fad5d01c8eef35f319b7/element {'using': 'xpath', 'value': '//*[@id="cookiebar"]/div[1]'}
2025-03-21 17:40:44 - DEBUG - http://localhost:56436 "POST /session/e926ac32c761fad5d01c8eef35f319b7/element HTTP/1.1" 404 0
2025-03-21 17:40:44 - DEBUG - Remote response: status=404 | data={"value":{"error":"no such element","message":"no such element: Unable to locate element: {\"method\":\"xpath\",\"selector\":\"//*[@id=\"cookiebar\"]/div[1]\"}\n  (Session info: chrome=134.0.6998.89)","stacktrace":"\tGetHandleVerifier [0x00007FF78BFDFE45+26629]\n\t(No symbol) [0x00007FF78BF46010]\n\t(No symbol) [0x00007FF78BDD931A]\n\t(No symbol) [0x00007FF78BE2F8E7]\n\t(No symbol) [0x00007FF78BE2FB1C]\n\t(No symbol) [0x00007FF78BE834A7]\n\t(No symbol) [0x00007FF78BE57AEF]\n\t(No symbol) [0x00007FF78BE80169]\n\t(No symbol) [0x00007FF78BE57883]\n\t(No symbol) [0x00007FF78BE20550]\n\t(No symbol) [0x00007FF78BE21803]\n\tGetHandleVerifier [0x00007FF78C3372BD+3529853]\n\tGetHandleVerifier [0x00007FF78C34DA22+3621858]\n\tGetHandleVerifier [0x00007FF78C3424D3+3575443]\n\tGetHandleVerifier [0x00007FF78C0AB77A+860474]\n\t(No symbol) [0x00007FF78BF5088F]\n\t(No symbol) [0x00007FF78BF4CBC4]\n\t(No symbol) [0x00007FF78BF4CD66]\n\t(No symbol) [0x00007FF78BF3C2C9]\n\tBaseThreadInitThunk [0x00007FFD9775E8D7+23]\n\tRtlUserThreadStart [0x00007FFD995BBF6C+44]\n"}} | headers=HTTPHeaderDict({'Content-Length': '1062', 'Content-Type': 'application/json; charset=utf-8', 'cache-control': 'no-cache'})
2025-03-21 17:40:44 - DEBUG - Finished Request
2025-03-21 17:40:45 - DEBUG - POST http://localhost:56436/session/e926ac32c761fad5d01c8eef35f319b7/element {'using': 'xpath', 'value': '//*[@id="cookiebar"]/div[1]'}
2025-03-21 17:40:45 - DEBUG - http://localhost:56436 "POST /session/e926ac32c761fad5d01c8eef35f319b7/element HTTP/1.1" 404 0
2025-03-21 17:40:45 - DEBUG - Remote response: status=404 | data={"value":{"error":"no such element","message":"no such element: Unable to locate element: {\"method\":\"xpath\",\"selector\":\"//*[@id=\"cookiebar\"]/div[1]\"}\n  (Session info: chrome=134.0.6998.89)","stacktrace":"\tGetHandleVerifier [0x00007FF78BFDFE45+26629]\n\t(No symbol) [0x00007FF78BF46010]\n\t(No symbol) [0x00007FF78BDD931A]\n\t(No symbol) [0x00007FF78BE2F8E7]\n\t(No symbol) [0x00007FF78BE2FB1C]\n\t(No symbol) [0x00007FF78BE834A7]\n\t(No symbol) [0x00007FF78BE57AEF]\n\t(No symbol) [0x00007FF78BE80169]\n\t(No symbol) [0x00007FF78BE57883]\n\t(No symbol) [0x00007FF78BE20550]\n\t(No symbol) [0x00007FF78BE21803]\n\tGetHandleVerifier [0x00007FF78C3372BD+3529853]\n\tGetHandleVerifier [0x00007FF78C34DA22+3621858]\n\tGetHandleVerifier [0x00007FF78C3424D3+3575443]\n\tGetHandleVerifier [0x00007FF78C0AB77A+860474]\n\t(No symbol) [0x00007FF78BF5088F]\n\t(No symbol) [0x00007FF78BF4CBC4]\n\t(No symbol) [0x00007FF78BF4CD66]\n\t(No symbol) [0x00007FF78BF3C2C9]\n\tBaseThreadInitThunk [0x00007FFD9775E8D7+23]\n\tRtlUserThreadStart [0x00007FFD995BBF6C+44]\n"}} | headers=HTTPHeaderDict({'Content-Length': '1062', 'Content-Type': 'application/json; charset=utf-8', 'cache-control': 'no-cache'})
2025-03-21 17:40:45 - DEBUG - Finished Request
2025-03-21 17:40:45 - DEBUG - POST http://localhost:56436/session/e926ac32c761fad5d01c8eef35f319b7/element {'using': 'xpath', 'value': '//*[@id="cookiebar"]/div[1]'}
2025-03-21 17:40:45 - DEBUG - http://localhost:56436 "POST /session/e926ac32c761fad5d01c8eef35f319b7/element HTTP/1.1" 404 0
2025-03-21 17:40:45 - DEBUG - Remote response: status=404 | data={"value":{"error":"no such element","message":"no such element: Unable to locate element: {\"method\":\"xpath\",\"selector\":\"//*[@id=\"cookiebar\"]/div[1]\"}\n  (Session info: chrome=134.0.6998.89)","stacktrace":"\tGetHandleVerifier [0x00007FF78BFDFE45+26629]\n\t(No symbol) [0x00007FF78BF46010]\n\t(No symbol) [0x00007FF78BDD931A]\n\t(No symbol) [0x00007FF78BE2F8E7]\n\t(No symbol) [0x00007FF78BE2FB1C]\n\t(No symbol) [0x00007FF78BE834A7]\n\t(No symbol) [0x00007FF78BE57AEF]\n\t(No symbol) [0x00007FF78BE80169]\n\t(No symbol) [0x00007FF78BE57883]\n\t(No symbol) [0x00007FF78BE20550]\n\t(No symbol) [0x00007FF78BE21803]\n\tGetHandleVerifier [0x00007FF78C3372BD+3529853]\n\tGetHandleVerifier [0x00007FF78C34DA22+3621858]\n\tGetHandleVerifier [0x00007FF78C3424D3+3575443]\n\tGetHandleVerifier [0x00007FF78C0AB77A+860474]\n\t(No symbol) [0x00007FF78BF5088F]\n\t(No symbol) [0x00007FF78BF4CBC4]\n\t(No symbol) [0x00007FF78BF4CD66]\n\t(No symbol) [0x00007FF78BF3C2C9]\n\tBaseThreadInitThunk [0x00007FFD9775E8D7+23]\n\tRtlUserThreadStart [0x00007FFD995BBF6C+44]\n"}} | headers=HTTPHeaderDict({'Content-Length': '1062', 'Content-Type': 'application/json; charset=utf-8', 'cache-control': 'no-cache'})
2025-03-21 17:40:45 - DEBUG - Finished Request
2025-03-21 17:40:46 - DEBUG - POST http://localhost:56436/session/e926ac32c761fad5d01c8eef35f319b7/element {'using': 'xpath', 'value': '//*[@id="cookiebar"]/div[1]'}
2025-03-21 17:40:46 - DEBUG - http://localhost:56436 "POST /session/e926ac32c761fad5d01c8eef35f319b7/element HTTP/1.1" 200 0
2025-03-21 17:40:46 - DEBUG - Remote response: status=200 | data={"value":{"element-6066-11e4-a52e-4f735466cecf":"f.719B44A529DB7669556A3F0F6D63B613.d.867C3F4F57C4B09D782067E075C4B9F5.e.523"}} | headers=HTTPHeaderDict({'Content-Length': '127', 'Content-Type': 'application/json; charset=utf-8', 'cache-control': 'no-cache'})
2025-03-21 17:40:46 - DEBUG - Finished Request
2025-03-21 17:40:46 - DEBUG - POST http://localhost:56436/session/e926ac32c761fad5d01c8eef35f319b7/execute/sync {'script': '/* isDisplayed */return (function(){return (function(){var g=this||self;\nfunction aa(a){var b=typeof...', 'args': [{'element-6066-11e4-a52e-4f735466cecf': 'f.719B44A529DB7669556A3F0F6D63B613.d.867C3F4F57C4B09D782067E075C4B9F5.e.523'}]}
2025-03-21 17:40:46 - DEBUG - http://localhost:56436 "POST /session/e926ac32c761fad5d01c8eef35f319b7/execute/sync HTTP/1.1" 200 0
2025-03-21 17:40:46 - DEBUG - Remote response: status=200 | data={"value":true} | headers=HTTPHeaderDict({'Content-Length': '14', 'Content-Type': 'application/json; charset=utf-8', 'cache-control': 'no-cache'})
2025-03-21 17:40:46 - DEBUG - Finished Request
2025-03-21 17:40:46 - DEBUG - POST http://localhost:56436/session/e926ac32c761fad5d01c8eef35f319b7/element {'using': 'xpath', 'value': '/html/body/div[2]/div[1]/div/div[2]/div[2]/button'}
2025-03-21 17:40:46 - DEBUG - http://localhost:56436 "POST /session/e926ac32c761fad5d01c8eef35f319b7/element HTTP/1.1" 200 0
2025-03-21 17:40:46 - DEBUG - Remote response: status=200 | data={"value":{"element-6066-11e4-a52e-4f735466cecf":"f.719B44A529DB7669556A3F0F6D63B613.d.867C3F4F57C4B09D782067E075C4B9F5.e.556"}} | headers=HTTPHeaderDict({'Content-Length': '127', 'Content-Type': 'application/json; charset=utf-8', 'cache-control': 'no-cache'})
2025-03-21 17:40:46 - DEBUG - Finished Request
2025-03-21 17:40:46 - DEBUG - POST http://localhost:56436/session/e926ac32c761fad5d01c8eef35f319b7/element/f.719B44A529DB7669556A3F0F6D63B613.d.867C3F4F57C4B09D782067E075C4B9F5.e.556/click {}
2025-03-21 17:40:46 - DEBUG - http://localhost:56436 "POST /session/e926ac32c761fad5d01c8eef35f319b7/element/f.719B44A529DB7669556A3F0F6D63B613.d.867C3F4F57C4B09D782067E075C4B9F5.e.556/click HTTP/1.1" 200 0
2025-03-21 17:40:46 - DEBUG - Remote response: status=200 | data={"value":null} | headers=HTTPHeaderDict({'Content-Length': '14', 'Content-Type': 'application/json; charset=utf-8', 'cache-control': 'no-cache'})
2025-03-21 17:40:46 - DEBUG - Finished Request
2025-03-21 17:40:46 - DEBUG - Starting new HTTPS connection (1): api.mail.tm:443
2025-03-21 17:40:46 - DEBUG - https://api.mail.tm:443 "GET /domains HTTP/1.1" 200 351
2025-03-21 17:40:46 - DEBUG - Get domain: indigobook.com
2025-03-21 17:40:46 - INFO - Создание временной почты: test_1742571646@indigobook.com
2025-03-21 17:40:46 - DEBUG - Starting new HTTPS connection (1): api.mail.tm:443
2025-03-21 17:40:46 - DEBUG - https://api.mail.tm:443 "POST /accounts HTTP/1.1" 201 315
2025-03-21 17:40:46 - DEBUG - Create account: {'@context': '/contexts/Account', '@id': '/accounts/67dd88819c69c3d0590d6a9d', '@type': 'Account', 'id': '67dd88819c69c3d0590d6a9d', 'address': 'test_1742571646@indigobook.com', 'quota': 40000000, 'used': 0, 'isDisabled': False, 'isDeleted': False, 'createdAt': '2025-03-21T15:40:49+00:00', 'updatedAt': '2025-03-21T15:40:49+00:00'}
2025-03-21 17:40:46 - DEBUG - Starting new HTTPS connection (1): api.mail.tm:443
2025-03-21 17:40:47 - DEBUG - https://api.mail.tm:443 "POST /token HTTP/1.1" 200 451
2025-03-21 17:40:47 - DEBUG - Get token: eyJ0eXAiOiJKV1QiLCJhbGciOiJIUzUxMiJ9.eyJpYXQiOjE3NDI1NzE2NDksInJvbGVzIjpbIlJPTEVfVVNFUiJdLCJhZGRyZXNzIjoidGVzdF8xNzQyNTcxNjQ2QGluZGlnb2Jvb2suY29tIiwiaWQiOiI2N2RkODg4MTljNjljM2QwNTkwZDZhOWQiLCJtZXJjdXJlIjp7InN1YnNjcmliZSI6WyIvYWNjb3VudHMvNjdkZDg4ODE5YzY5YzNkMDU5MGQ2YTlkIl19fQ.3w3qjUjz11eTf5iPHR0r3Nsd_uJO3G_VdrRRmWy87kafEDp1xIHPUN7pz3IZu8XVB2QgP49w081-UCSt1dsQ1A
2025-03-21 17:40:47 - DEBUG - Успешно получили токен аутентификации!
2025-03-21 17:40:47 - DEBUG - Ожидание писем...
2025-03-21 17:40:47 - DEBUG - POST http://localhost:56436/session/e926ac32c761fad5d01c8eef35f319b7/element {'using': 'xpath', 'value': '//*[@id="email"]'}
2025-03-21 17:40:47 - DEBUG - http://localhost:56436 "POST /session/e926ac32c761fad5d01c8eef35f319b7/element HTTP/1.1" 200 0
2025-03-21 17:40:47 - DEBUG - Remote response: status=200 | data={"value":{"element-6066-11e4-a52e-4f735466cecf":"f.719B44A529DB7669556A3F0F6D63B613.d.867C3F4F57C4B09D782067E075C4B9F5.e.196"}} | headers=HTTPHeaderDict({'Content-Length': '127', 'Content-Type': 'application/json; charset=utf-8', 'cache-control': 'no-cache'})
2025-03-21 17:40:47 - DEBUG - Finished Request
2025-03-21 17:40:47 - DEBUG - POST http://localhost:56436/session/e926ac32c761fad5d01c8eef35f319b7/element/f.719B44A529DB7669556A3F0F6D63B613.d.867C3F4F57C4B09D782067E075C4B9F5.e.196/value {'text': 'test_1742571646@indigobook.com', 'value': ['t', 'e', 's', 't', '_', '1', '7', '4', '2', '5', '7', '1', '6', '4', '6', '@', 'i', 'n', 'd', 'i', 'g', 'o', 'b', 'o', 'o', 'k', '.', 'c', 'o', 'm']}
2025-03-21 17:40:47 - DEBUG - http://localhost:56436 "POST /session/e926ac32c761fad5d01c8eef35f319b7/element/f.719B44A529DB7669556A3F0F6D63B613.d.867C3F4F57C4B09D782067E075C4B9F5.e.196/value HTTP/1.1" 200 0
2025-03-21 17:40:47 - DEBUG - Remote response: status=200 | data={"value":null} | headers=HTTPHeaderDict({'Content-Length': '14', 'Content-Type': 'application/json; charset=utf-8', 'cache-control': 'no-cache'})
2025-03-21 17:40:47 - DEBUG - Finished Request
2025-03-21 17:40:47 - DEBUG - POST http://localhost:56436/session/e926ac32c761fad5d01c8eef35f319b7/element/f.719B44A529DB7669556A3F0F6D63B613.d.867C3F4F57C4B09D782067E075C4B9F5.e.196/value {'text': '\ue007', 'value': ['\ue007']}
2025-03-21 17:40:47 - DEBUG - http://localhost:56436 "POST /session/e926ac32c761fad5d01c8eef35f319b7/element/f.719B44A529DB7669556A3F0F6D63B613.d.867C3F4F57C4B09D782067E075C4B9F5.e.196/value HTTP/1.1" 200 0
2025-03-21 17:40:47 - DEBUG - Remote response: status=200 | data={"value":null} | headers=HTTPHeaderDict({'Content-Length': '14', 'Content-Type': 'application/json; charset=utf-8', 'cache-control': 'no-cache'})
2025-03-21 17:40:47 - DEBUG - Finished Request
2025-03-21 17:40:47 - DEBUG - POST http://localhost:56436/session/e926ac32c761fad5d01c8eef35f319b7/element {'using': 'xpath', 'value': '//*[@id="password"]'}
2025-03-21 17:40:47 - DEBUG - http://localhost:56436 "POST /session/e926ac32c761fad5d01c8eef35f319b7/element HTTP/1.1" 404 0
2025-03-21 17:40:47 - DEBUG - Remote response: status=404 | data={"value":{"error":"no such element","message":"no such element: Unable to locate element: {\"method\":\"xpath\",\"selector\":\"//*[@id=\"password\"]\"}\n  (Session info: chrome=134.0.6998.89)","stacktrace":"\tGetHandleVerifier [0x00007FF78BFDFE45+26629]\n\t(No symbol) [0x00007FF78BF46010]\n\t(No symbol) [0x00007FF78BDD931A]\n\t(No symbol) [0x00007FF78BE2F8E7]\n\t(No symbol) [0x00007FF78BE2FB1C]\n\t(No symbol) [0x00007FF78BE834A7]\n\t(No symbol) [0x00007FF78BE57AEF]\n\t(No symbol) [0x00007FF78BE80169]\n\t(No symbol) [0x00007FF78BE57883]\n\t(No symbol) [0x00007FF78BE20550]\n\t(No symbol) [0x00007FF78BE21803]\n\tGetHandleVerifier [0x00007FF78C3372BD+3529853]\n\tGetHandleVerifier [0x00007FF78C34DA22+3621858]\n\tGetHandleVerifier [0x00007FF78C3424D3+3575443]\n\tGetHandleVerifier [0x00007FF78C0AB77A+860474]\n\t(No symbol) [0x00007FF78BF5088F]\n\t(No symbol) [0x00007FF78BF4CBC4]\n\t(No symbol) [0x00007FF78BF4CD66]\n\t(No symbol) [0x00007FF78BF3C2C9]\n\tBaseThreadInitThunk [0x00007FFD9775E8D7+23]\n\tRtlUserThreadStart [0x00007FFD995BBF6C+44]\n"}} | headers=HTTPHeaderDict({'Content-Length': '1054', 'Content-Type': 'application/json; charset=utf-8', 'cache-control': 'no-cache'})
2025-03-21 17:40:47 - DEBUG - Finished Request
2025-03-21 17:40:47 - DEBUG - POST http://localhost:56436/session/e926ac32c761fad5d01c8eef35f319b7/element {'using': 'xpath', 'value': '//*[@id="password"]'}
2025-03-21 17:40:47 - DEBUG - http://localhost:56436 "POST /session/e926ac32c761fad5d01c8eef35f319b7/element HTTP/1.1" 404 0
2025-03-21 17:40:47 - DEBUG - Remote response: status=404 | data={"value":{"error":"no such element","message":"no such element: Unable to locate element: {\"method\":\"xpath\",\"selector\":\"//*[@id=\"password\"]\"}\n  (Session info: chrome=134.0.6998.89)","stacktrace":"\tGetHandleVerifier [0x00007FF78BFDFE45+26629]\n\t(No symbol) [0x00007FF78BF46010]\n\t(No symbol) [0x00007FF78BDD931A]\n\t(No symbol) [0x00007FF78BE2F8E7]\n\t(No symbol) [0x00007FF78BE2FB1C]\n\t(No symbol) [0x00007FF78BE834A7]\n\t(No symbol) [0x00007FF78BE57AEF]\n\t(No symbol) [0x00007FF78BE80169]\n\t(No symbol) [0x00007FF78BE57883]\n\t(No symbol) [0x00007FF78BE20550]\n\t(No symbol) [0x00007FF78BE21803]\n\tGetHandleVerifier [0x00007FF78C3372BD+3529853]\n\tGetHandleVerifier [0x00007FF78C34DA22+3621858]\n\tGetHandleVerifier [0x00007FF78C3424D3+3575443]\n\tGetHandleVerifier [0x00007FF78C0AB77A+860474]\n\t(No symbol) [0x00007FF78BF5088F]\n\t(No symbol) [0x00007FF78BF4CBC4]\n\t(No symbol) [0x00007FF78BF4CD66]\n\t(No symbol) [0x00007FF78BF3C2C9]\n\tBaseThreadInitThunk [0x00007FFD9775E8D7+23]\n\tRtlUserThreadStart [0x00007FFD995BBF6C+44]\n"}} | headers=HTTPHeaderDict({'Content-Length': '1054', 'Content-Type': 'application/json; charset=utf-8', 'cache-control': 'no-cache'})
2025-03-21 17:40:47 - DEBUG - Finished Request
2025-03-21 17:40:48 - DEBUG - POST http://localhost:56436/session/e926ac32c761fad5d01c8eef35f319b7/element {'using': 'xpath', 'value': '//*[@id="password"]'}
2025-03-21 17:40:48 - DEBUG - http://localhost:56436 "POST /session/e926ac32c761fad5d01c8eef35f319b7/element HTTP/1.1" 200 0
2025-03-21 17:40:48 - DEBUG - Remote response: status=200 | data={"value":{"element-6066-11e4-a52e-4f735466cecf":"f.719B44A529DB7669556A3F0F6D63B613.d.867C3F4F57C4B09D782067E075C4B9F5.e.713"}} | headers=HTTPHeaderDict({'Content-Length': '127', 'Content-Type': 'application/json; charset=utf-8', 'cache-control': 'no-cache'})
2025-03-21 17:40:48 - DEBUG - Finished Request
2025-03-21 17:40:48 - DEBUG - POST http://localhost:56436/session/e926ac32c761fad5d01c8eef35f319b7/execute/sync {'script': '/* isDisplayed */return (function(){return (function(){var g=this||self;\nfunction aa(a){var b=typeof...', 'args': [{'element-6066-11e4-a52e-4f735466cecf': 'f.719B44A529DB7669556A3F0F6D63B613.d.867C3F4F57C4B09D782067E075C4B9F5.e.713'}]}
2025-03-21 17:40:48 - DEBUG - http://localhost:56436 "POST /session/e926ac32c761fad5d01c8eef35f319b7/execute/sync HTTP/1.1" 200 0
2025-03-21 17:40:48 - DEBUG - Remote response: status=200 | data={"value":true} | headers=HTTPHeaderDict({'Content-Length': '14', 'Content-Type': 'application/json; charset=utf-8', 'cache-control': 'no-cache'})
2025-03-21 17:40:48 - DEBUG - Finished Request
2025-03-21 17:40:48 - DEBUG - POST http://localhost:56436/session/e926ac32c761fad5d01c8eef35f319b7/element {'using': 'xpath', 'value': '//*[@id="password"]'}
2025-03-21 17:40:48 - DEBUG - http://localhost:56436 "POST /session/e926ac32c761fad5d01c8eef35f319b7/element HTTP/1.1" 200 0
2025-03-21 17:40:48 - DEBUG - Remote response: status=200 | data={"value":{"element-6066-11e4-a52e-4f735466cecf":"f.719B44A529DB7669556A3F0F6D63B613.d.867C3F4F57C4B09D782067E075C4B9F5.e.713"}} | headers=HTTPHeaderDict({'Content-Length': '127', 'Content-Type': 'application/json; charset=utf-8', 'cache-control': 'no-cache'})
2025-03-21 17:40:48 - DEBUG - Finished Request
2025-03-21 17:40:48 - DEBUG - POST http://localhost:56436/session/e926ac32c761fad5d01c8eef35f319b7/element/f.719B44A529DB7669556A3F0F6D63B613.d.867C3F4F57C4B09D782067E075C4B9F5.e.713/value {'text': '3cea49ebc1b1bbad8a9eaacd9b6015273932e63f10185984f6633e6fd3e4c29fA', 'value': ['3', 'c', 'e', 'a', '4', '9', 'e', 'b', 'c', '1', 'b', '1', 'b', 'b', 'a', 'd', '8', 'a', '9', 'e', 'a', 'a', 'c', 'd', '9', 'b', '6', '0', '1', '5', '2', '7', '3', '9', '3', '2', 'e', '6', '3', 'f', '1', '0', '1', '8', '5', '9', '8', '4', 'f', '6', '6', '3', '3', 'e', '6', 'f', 'd', '3', 'e', '4', 'c', '2', '9', 'f', 'A']}
2025-03-21 17:40:48 - DEBUG - http://localhost:56436 "POST /session/e926ac32c761fad5d01c8eef35f319b7/element/f.719B44A529DB7669556A3F0F6D63B613.d.867C3F4F57C4B09D782067E075C4B9F5.e.713/value HTTP/1.1" 200 0
2025-03-21 17:40:48 - DEBUG - Remote response: status=200 | data={"value":null} | headers=HTTPHeaderDict({'Content-Length': '14', 'Content-Type': 'application/json; charset=utf-8', 'cache-control': 'no-cache'})
2025-03-21 17:40:48 - DEBUG - Finished Request
2025-03-21 17:40:48 - DEBUG - POST http://localhost:56436/session/e926ac32c761fad5d01c8eef35f319b7/element/f.719B44A529DB7669556A3F0F6D63B613.d.867C3F4F57C4B09D782067E075C4B9F5.e.713/value {'text': '\ue007', 'value': ['\ue007']}
2025-03-21 17:40:48 - DEBUG - http://localhost:56436 "POST /session/e926ac32c761fad5d01c8eef35f319b7/element/f.719B44A529DB7669556A3F0F6D63B613.d.867C3F4F57C4B09D782067E075C4B9F5.e.713/value HTTP/1.1" 200 0
2025-03-21 17:40:48 - DEBUG - Remote response: status=200 | data={"value":null} | headers=HTTPHeaderDict({'Content-Length': '14', 'Content-Type': 'application/json; charset=utf-8', 'cache-control': 'no-cache'})
2025-03-21 17:40:48 - DEBUG - Finished Request
2025-03-21 17:40:58 - DEBUG - Starting new HTTPS connection (1): api.mail.tm:443
2025-03-21 17:40:58 - DEBUG - https://api.mail.tm:443 "GET /messages HTTP/1.1" 200 1019
2025-03-21 17:40:58 - DEBUG - Get messages: [{'@id': '/messages/67dd88855a9f1968c9e81d93', '@type': 'Message', 'id': '67dd88855a9f1968c9e81d93', 'msgid': '<7SntbipIQV2U9CWvZfp8IQ@geopod-ismtpd-13>', 'from': {'address': 'info@product.eset.com', 'name': 'ESET HOME'}, 'to': [{'address': 'test_1742571646@indigobook.com', 'name': ''}], 'subject': 'Подтверждение учетной записи', 'intro': 'Здравствуйте, Благодарим за создание учетной записи ESET HOME. Чтобы подтвердить регистрацию, нажмите кнопку ниже. Подтвердить…', 'seen': False, 'isDeleted': False, 'hasAttachments': False, 'size': 11117, 'downloadUrl': '/messages/67dd88855a9f1968c9e81d93/download', 'sourceUrl': '/sources/67dd88855a9f1968c9e81d93', 'createdAt': '2025-03-21T15:40:51+00:00', 'updatedAt': '2025-03-21T15:40:53+00:00', 'accountId': '/accounts/67dd88819c69c3d0590d6a9d'}]
2025-03-21 17:40:58 - INFO - Полученные сообщения:
2025-03-21 17:40:58 - INFO - От: info@product.eset.com, Тема: Подтверждение учетной записи
2025-03-21 17:40:58 - DEBUG - Starting new HTTPS connection (1): api.mail.tm:443
2025-03-21 17:40:58 - DEBUG - https://api.mail.tm:443 "GET /messages/67dd88855a9f1968c9e81d93 HTTP/1.1" 200 None
2025-03-21 17:40:58 - DEBUG - Get message content: Здравствуйте,

Благодарим за создание учетной записи ESET HOME. Чтобы подтвердить регистрацию,
нажмите кнопку ниже.

Подтвердить регистрацию
[https://login.eset.com/link/confirmregistration?token=d9100516-7a87-4c90-970e-2a62e0bf5411]

Если вы не создавали эту учетную запись ESET HOME, проигнорируйте это сообщение
электронной почты.



Благодарим за использование ESET HOME.
Команда ESET

Google play badge [https://assets.eset.com/images/google-play-badge.png]
[https://play.google.com/store/apps/details?id=com.eset.myeset] Apple store
badge [https://assets.eset.com/images/apple-store-badge.png]
[https://apps.apple.com/us/app/myeset/id1533672833]

ESET progress protected logo
[https://assets.eset.com/images/ESET_logo_DS_PP_horizontal_RGB_cropped.png]
Политика конфиденц.
[https://help.eset.com/getHelp?product=home_eset&lang=ru-RU&topic=privacy_policy]
| Условия использования
[https://help.eset.com/getHelp?product=home_eset&lang=ru-RU&topic=terms_of_use]
© 1992 - 2025 ESET, spol. s r.o. - All rights reserved
2025-03-21 17:40:58 - DEBUG - Get message content: https://login.eset.com/link/confirmregistration?token=d9100516-7a87-4c90-970e-2a62e0bf5411]
2025-03-21 17:40:58 - INFO - Ссылка для подтверждения: https://login.eset.com/link/confirmregistration?token=d9100516-7a87-4c90-970e-2a62e0bf5411
2025-03-21 17:40:58 - DEBUG - POST http://localhost:56436/session/e926ac32c761fad5d01c8eef35f319b7/url {'url': 'https://login.eset.com/link/confirmregistration?token=d9100516-7a87-4c90-970e-2a62e0bf5411'}
2025-03-21 17:41:00 - DEBUG - http://localhost:56436 "POST /session/e926ac32c761fad5d01c8eef35f319b7/url HTTP/1.1" 200 0
2025-03-21 17:41:00 - DEBUG - Remote response: status=200 | data={"value":null} | headers=HTTPHeaderDict({'Content-Length': '14', 'Content-Type': 'application/json; charset=utf-8', 'cache-control': 'no-cache'})
2025-03-21 17:41:00 - DEBUG - Finished Request
2025-03-21 17:41:00 - DEBUG - POST http://localhost:56436/session/e926ac32c761fad5d01c8eef35f319b7/element {'using': 'xpath', 'value': '//*[@id="main-content"]/div/div[1]/div/main/div/div/div[2]/div/div/div/div/div[2]/div/div/div/button'}
2025-03-21 17:41:00 - DEBUG - http://localhost:56436 "POST /session/e926ac32c761fad5d01c8eef35f319b7/element HTTP/1.1" 404 0
2025-03-21 17:41:00 - DEBUG - Remote response: status=404 | data={"value":{"error":"no such element","message":"no such element: Unable to locate element: {\"method\":\"xpath\",\"selector\":\"//*[@id=\"main-content\"]/div/div[1]/div/main/div/div/div[2]/div/div/div/div/div[2]/div/div/div/button\"}\n  (Session info: chrome=134.0.6998.89)","stacktrace":"\tGetHandleVerifier [0x00007FF78BFDFE45+26629]\n\t(No symbol) [0x00007FF78BF46010]\n\t(No symbol) [0x00007FF78BDD931A]\n\t(No symbol) [0x00007FF78BE2F8E7]\n\t(No symbol) [0x00007FF78BE2FB1C]\n\t(No symbol) [0x00007FF78BE834A7]\n\t(No symbol) [0x00007FF78BE57AEF]\n\t(No symbol) [0x00007FF78BE80169]\n\t(No symbol) [0x00007FF78BE57883]\n\t(No symbol) [0x00007FF78BE20550]\n\t(No symbol) [0x00007FF78BE21803]\n\tGetHandleVerifier [0x00007FF78C3372BD+3529853]\n\tGetHandleVerifier [0x00007FF78C34DA22+3621858]\n\tGetHandleVerifier [0x00007FF78C3424D3+3575443]\n\tGetHandleVerifier [0x00007FF78C0AB77A+860474]\n\t(No symbol) [0x00007FF78BF5088F]\n\t(No symbol) [0x00007FF78BF4CBC4]\n\t(No symbol) [0x00007FF78BF4CD66]\n\t(No symbol) [0x00007FF78BF3C2C9]\n\tBaseThreadInitThunk [0x00007FFD9775E8D7+23]\n\tRtlUserThreadStart [0x00007FFD995BBF6C+44]\n"}} | headers=HTTPHeaderDict({'Content-Length': '1135', 'Content-Type': 'application/json; charset=utf-8', 'cache-control': 'no-cache'})
2025-03-21 17:41:00 - DEBUG - Finished Request
2025-03-21 17:41:01 - DEBUG - POST http://localhost:56436/session/e926ac32c761fad5d01c8eef35f319b7/element {'using': 'xpath', 'value': '//*[@id="main-content"]/div/div[1]/div/main/div/div/div[2]/div/div/div/div/div[2]/div/div/div/button'}
2025-03-21 17:41:01 - DEBUG - http://localhost:56436 "POST /session/e926ac32c761fad5d01c8eef35f319b7/element HTTP/1.1" 200 0
2025-03-21 17:41:01 - DEBUG - Remote response: status=200 | data={"value":{"element-6066-11e4-a52e-4f735466cecf":"f.719B44A529DB7669556A3F0F6D63B613.d.67FA2F7781B8BD4D49223BC4EC2437B4.e.3164"}} | headers=HTTPHeaderDict({'Content-Length': '128', 'Content-Type': 'application/json; charset=utf-8', 'cache-control': 'no-cache'})
2025-03-21 17:41:01 - DEBUG - Finished Request
2025-03-21 17:41:01 - DEBUG - POST http://localhost:56436/session/e926ac32c761fad5d01c8eef35f319b7/execute/sync {'script': '/* isDisplayed */return (function(){return (function(){var g=this||self;\nfunction aa(a){var b=typeof...', 'args': [{'element-6066-11e4-a52e-4f735466cecf': 'f.719B44A529DB7669556A3F0F6D63B613.d.67FA2F7781B8BD4D49223BC4EC2437B4.e.3164'}]}
2025-03-21 17:41:01 - DEBUG - http://localhost:56436 "POST /session/e926ac32c761fad5d01c8eef35f319b7/execute/sync HTTP/1.1" 200 0
2025-03-21 17:41:01 - DEBUG - Remote response: status=200 | data={"value":true} | headers=HTTPHeaderDict({'Content-Length': '14', 'Content-Type': 'application/json; charset=utf-8', 'cache-control': 'no-cache'})
2025-03-21 17:41:01 - DEBUG - Finished Request
2025-03-21 17:41:01 - DEBUG - POST http://localhost:56436/session/e926ac32c761fad5d01c8eef35f319b7/element {'using': 'xpath', 'value': '//*[@id="main-content"]/div/div[1]/div/main/div/div/div[2]/div/div/div/div/div[2]/div/div/div/button'}
2025-03-21 17:41:01 - DEBUG - http://localhost:56436 "POST /session/e926ac32c761fad5d01c8eef35f319b7/element HTTP/1.1" 200 0
2025-03-21 17:41:01 - DEBUG - Remote response: status=200 | data={"value":{"element-6066-11e4-a52e-4f735466cecf":"f.719B44A529DB7669556A3F0F6D63B613.d.67FA2F7781B8BD4D49223BC4EC2437B4.e.3164"}} | headers=HTTPHeaderDict({'Content-Length': '128', 'Content-Type': 'application/json; charset=utf-8', 'cache-control': 'no-cache'})
2025-03-21 17:41:01 - DEBUG - Finished Request
2025-03-21 17:41:01 - DEBUG - POST http://localhost:56436/session/e926ac32c761fad5d01c8eef35f319b7/element/f.719B44A529DB7669556A3F0F6D63B613.d.67FA2F7781B8BD4D49223BC4EC2437B4.e.3164/click {}
2025-03-21 17:41:01 - DEBUG - http://localhost:56436 "POST /session/e926ac32c761fad5d01c8eef35f319b7/element/f.719B44A529DB7669556A3F0F6D63B613.d.67FA2F7781B8BD4D49223BC4EC2437B4.e.3164/click HTTP/1.1" 200 0
2025-03-21 17:41:01 - DEBUG - Remote response: status=200 | data={"value":null} | headers=HTTPHeaderDict({'Content-Length': '14', 'Content-Type': 'application/json; charset=utf-8', 'cache-control': 'no-cache'})
2025-03-21 17:41:01 - DEBUG - Finished Request
2025-03-21 17:41:01 - DEBUG - POST http://localhost:56436/session/e926ac32c761fad5d01c8eef35f319b7/element {'using': 'xpath', 'value': '//*[@id="license-add-new-slides"]/div/ion-slide[1]/div/div/div[3]/div/button'}
2025-03-21 17:41:01 - DEBUG - http://localhost:56436 "POST /session/e926ac32c761fad5d01c8eef35f319b7/element HTTP/1.1" 404 0
2025-03-21 17:41:01 - DEBUG - Remote response: status=404 | data={"value":{"error":"no such element","message":"no such element: Unable to locate element: {\"method\":\"xpath\",\"selector\":\"//*[@id=\"license-add-new-slides\"]/div/ion-slide[1]/div/div/div[3]/div/button\"}\n  (Session info: chrome=134.0.6998.89)","stacktrace":"\tGetHandleVerifier [0x00007FF78BFDFE45+26629]\n\t(No symbol) [0x00007FF78BF46010]\n\t(No symbol) [0x00007FF78BDD931A]\n\t(No symbol) [0x00007FF78BE2F8E7]\n\t(No symbol) [0x00007FF78BE2FB1C]\n\t(No symbol) [0x00007FF78BE834A7]\n\t(No symbol) [0x00007FF78BE57AEF]\n\t(No symbol) [0x00007FF78BE80169]\n\t(No symbol) [0x00007FF78BE57883]\n\t(No symbol) [0x00007FF78BE20550]\n\t(No symbol) [0x00007FF78BE21803]\n\tGetHandleVerifier [0x00007FF78C3372BD+3529853]\n\tGetHandleVerifier [0x00007FF78C34DA22+3621858]\n\tGetHandleVerifier [0x00007FF78C3424D3+3575443]\n\tGetHandleVerifier [0x00007FF78C0AB77A+860474]\n\t(No symbol) [0x00007FF78BF5088F]\n\t(No symbol) [0x00007FF78BF4CBC4]\n\t(No symbol) [0x00007FF78BF4CD66]\n\t(No symbol) [0x00007FF78BF3C2C9]\n\tBaseThreadInitThunk [0x00007FFD9775E8D7+23]\n\tRtlUserThreadStart [0x00007FFD995BBF6C+44]\n"}} | headers=HTTPHeaderDict({'Content-Length': '1111', 'Content-Type': 'application/json; charset=utf-8', 'cache-control': 'no-cache'})
2025-03-21 17:41:01 - DEBUG - Finished Request
2025-03-21 17:41:02 - DEBUG - POST http://localhost:56436/session/e926ac32c761fad5d01c8eef35f319b7/element {'using': 'xpath', 'value': '//*[@id="license-add-new-slides"]/div/ion-slide[1]/div/div/div[3]/div/button'}
2025-03-21 17:41:02 - DEBUG - http://localhost:56436 "POST /session/e926ac32c761fad5d01c8eef35f319b7/element HTTP/1.1" 404 0
2025-03-21 17:41:02 - DEBUG - Remote response: status=404 | data={"value":{"error":"no such element","message":"no such element: Unable to locate element: {\"method\":\"xpath\",\"selector\":\"//*[@id=\"license-add-new-slides\"]/div/ion-slide[1]/div/div/div[3]/div/button\"}\n  (Session info: chrome=134.0.6998.89)","stacktrace":"\tGetHandleVerifier [0x00007FF78BFDFE45+26629]\n\t(No symbol) [0x00007FF78BF46010]\n\t(No symbol) [0x00007FF78BDD931A]\n\t(No symbol) [0x00007FF78BE2F8E7]\n\t(No symbol) [0x00007FF78BE2FB1C]\n\t(No symbol) [0x00007FF78BE834A7]\n\t(No symbol) [0x00007FF78BE57AEF]\n\t(No symbol) [0x00007FF78BE80169]\n\t(No symbol) [0x00007FF78BE57883]\n\t(No symbol) [0x00007FF78BE20550]\n\t(No symbol) [0x00007FF78BE21803]\n\tGetHandleVerifier [0x00007FF78C3372BD+3529853]\n\tGetHandleVerifier [0x00007FF78C34DA22+3621858]\n\tGetHandleVerifier [0x00007FF78C3424D3+3575443]\n\tGetHandleVerifier [0x00007FF78C0AB77A+860474]\n\t(No symbol) [0x00007FF78BF5088F]\n\t(No symbol) [0x00007FF78BF4CBC4]\n\t(No symbol) [0x00007FF78BF4CD66]\n\t(No symbol) [0x00007FF78BF3C2C9]\n\tBaseThreadInitThunk [0x00007FFD9775E8D7+23]\n\tRtlUserThreadStart [0x00007FFD995BBF6C+44]\n"}} | headers=HTTPHeaderDict({'Content-Length': '1111', 'Content-Type': 'application/json; charset=utf-8', 'cache-control': 'no-cache'})
2025-03-21 17:41:02 - DEBUG - Finished Request
2025-03-21 17:41:02 - DEBUG - POST http://localhost:56436/session/e926ac32c761fad5d01c8eef35f319b7/element {'using': 'xpath', 'value': '//*[@id="license-add-new-slides"]/div/ion-slide[1]/div/div/div[3]/div/button'}
2025-03-21 17:41:02 - DEBUG - http://localhost:56436 "POST /session/e926ac32c761fad5d01c8eef35f319b7/element HTTP/1.1" 404 0
2025-03-21 17:41:02 - DEBUG - Remote response: status=404 | data={"value":{"error":"no such element","message":"no such element: Unable to locate element: {\"method\":\"xpath\",\"selector\":\"//*[@id=\"license-add-new-slides\"]/div/ion-slide[1]/div/div/div[3]/div/button\"}\n  (Session info: chrome=134.0.6998.89)","stacktrace":"\tGetHandleVerifier [0x00007FF78BFDFE45+26629]\n\t(No symbol) [0x00007FF78BF46010]\n\t(No symbol) [0x00007FF78BDD931A]\n\t(No symbol) [0x00007FF78BE2F8E7]\n\t(No symbol) [0x00007FF78BE2FB1C]\n\t(No symbol) [0x00007FF78BE834A7]\n\t(No symbol) [0x00007FF78BE57AEF]\n\t(No symbol) [0x00007FF78BE80169]\n\t(No symbol) [0x00007FF78BE57883]\n\t(No symbol) [0x00007FF78BE20550]\n\t(No symbol) [0x00007FF78BE21803]\n\tGetHandleVerifier [0x00007FF78C3372BD+3529853]\n\tGetHandleVerifier [0x00007FF78C34DA22+3621858]\n\tGetHandleVerifier [0x00007FF78C3424D3+3575443]\n\tGetHandleVerifier [0x00007FF78C0AB77A+860474]\n\t(No symbol) [0x00007FF78BF5088F]\n\t(No symbol) [0x00007FF78BF4CBC4]\n\t(No symbol) [0x00007FF78BF4CD66]\n\t(No symbol) [0x00007FF78BF3C2C9]\n\tBaseThreadInitThunk [0x00007FFD9775E8D7+23]\n\tRtlUserThreadStart [0x00007FFD995BBF6C+44]\n"}} | headers=HTTPHeaderDict({'Content-Length': '1111', 'Content-Type': 'application/json; charset=utf-8', 'cache-control': 'no-cache'})
2025-03-21 17:41:02 - DEBUG - Finished Request
2025-03-21 17:41:03 - DEBUG - POST http://localhost:56436/session/e926ac32c761fad5d01c8eef35f319b7/element {'using': 'xpath', 'value': '//*[@id="license-add-new-slides"]/div/ion-slide[1]/div/div/div[3]/div/button'}
2025-03-21 17:41:03 - DEBUG - http://localhost:56436 "POST /session/e926ac32c761fad5d01c8eef35f319b7/element HTTP/1.1" 200 0
2025-03-21 17:41:03 - DEBUG - Remote response: status=200 | data={"value":{"element-6066-11e4-a52e-4f735466cecf":"f.719B44A529DB7669556A3F0F6D63B613.d.67FA2F7781B8BD4D49223BC4EC2437B4.e.3496"}} | headers=HTTPHeaderDict({'Content-Length': '128', 'Content-Type': 'application/json; charset=utf-8', 'cache-control': 'no-cache'})
2025-03-21 17:41:03 - DEBUG - Finished Request
2025-03-21 17:41:03 - DEBUG - POST http://localhost:56436/session/e926ac32c761fad5d01c8eef35f319b7/execute/sync {'script': '/* isDisplayed */return (function(){return (function(){var g=this||self;\nfunction aa(a){var b=typeof...', 'args': [{'element-6066-11e4-a52e-4f735466cecf': 'f.719B44A529DB7669556A3F0F6D63B613.d.67FA2F7781B8BD4D49223BC4EC2437B4.e.3496'}]}
2025-03-21 17:41:03 - DEBUG - http://localhost:56436 "POST /session/e926ac32c761fad5d01c8eef35f319b7/execute/sync HTTP/1.1" 200 0
2025-03-21 17:41:03 - DEBUG - Remote response: status=200 | data={"value":true} | headers=HTTPHeaderDict({'Content-Length': '14', 'Content-Type': 'application/json; charset=utf-8', 'cache-control': 'no-cache'})
2025-03-21 17:41:03 - DEBUG - Finished Request
2025-03-21 17:41:03 - DEBUG - POST http://localhost:56436/session/e926ac32c761fad5d01c8eef35f319b7/element {'using': 'xpath', 'value': '//*[@id="license-add-new-slides"]/div/ion-slide[1]/div/div/div[3]/div/button'}
2025-03-21 17:41:03 - DEBUG - http://localhost:56436 "POST /session/e926ac32c761fad5d01c8eef35f319b7/element HTTP/1.1" 200 0
2025-03-21 17:41:03 - DEBUG - Remote response: status=200 | data={"value":{"element-6066-11e4-a52e-4f735466cecf":"f.719B44A529DB7669556A3F0F6D63B613.d.67FA2F7781B8BD4D49223BC4EC2437B4.e.3496"}} | headers=HTTPHeaderDict({'Content-Length': '128', 'Content-Type': 'application/json; charset=utf-8', 'cache-control': 'no-cache'})
2025-03-21 17:41:03 - DEBUG - Finished Request
2025-03-21 17:41:03 - DEBUG - POST http://localhost:56436/session/e926ac32c761fad5d01c8eef35f319b7/element/f.719B44A529DB7669556A3F0F6D63B613.d.67FA2F7781B8BD4D49223BC4EC2437B4.e.3496/click {}
2025-03-21 17:41:03 - DEBUG - http://localhost:56436 "POST /session/e926ac32c761fad5d01c8eef35f319b7/element/f.719B44A529DB7669556A3F0F6D63B613.d.67FA2F7781B8BD4D49223BC4EC2437B4.e.3496/click HTTP/1.1" 200 0
2025-03-21 17:41:03 - DEBUG - Remote response: status=200 | data={"value":null} | headers=HTTPHeaderDict({'Content-Length': '14', 'Content-Type': 'application/json; charset=utf-8', 'cache-control': 'no-cache'})
2025-03-21 17:41:03 - DEBUG - Finished Request
2025-03-21 17:41:03 - DEBUG - POST http://localhost:56436/session/e926ac32c761fad5d01c8eef35f319b7/element {'using': 'xpath', 'value': '//*[@id="license-add-new-slides"]/div/ion-slide[1]/div/button'}
2025-03-21 17:41:03 - DEBUG - http://localhost:56436 "POST /session/e926ac32c761fad5d01c8eef35f319b7/element HTTP/1.1" 200 0
2025-03-21 17:41:03 - DEBUG - Remote response: status=200 | data={"value":{"element-6066-11e4-a52e-4f735466cecf":"f.719B44A529DB7669556A3F0F6D63B613.d.67FA2F7781B8BD4D49223BC4EC2437B4.e.3322"}} | headers=HTTPHeaderDict({'Content-Length': '128', 'Content-Type': 'application/json; charset=utf-8', 'cache-control': 'no-cache'})
2025-03-21 17:41:03 - DEBUG - Finished Request
2025-03-21 17:41:03 - DEBUG - POST http://localhost:56436/session/e926ac32c761fad5d01c8eef35f319b7/element/f.719B44A529DB7669556A3F0F6D63B613.d.67FA2F7781B8BD4D49223BC4EC2437B4.e.3322/click {}
2025-03-21 17:41:03 - DEBUG - http://localhost:56436 "POST /session/e926ac32c761fad5d01c8eef35f319b7/element/f.719B44A529DB7669556A3F0F6D63B613.d.67FA2F7781B8BD4D49223BC4EC2437B4.e.3322/click HTTP/1.1" 200 0
2025-03-21 17:41:03 - DEBUG - Remote response: status=200 | data={"value":null} | headers=HTTPHeaderDict({'Content-Length': '14', 'Content-Type': 'application/json; charset=utf-8', 'cache-control': 'no-cache'})
2025-03-21 17:41:03 - DEBUG - Finished Request
2025-03-21 17:41:03 - DEBUG - POST http://localhost:56436/session/e926ac32c761fad5d01c8eef35f319b7/element {'using': 'xpath', 'value': '//*[@id="main-content"]/div/div/div/main/div/div/div[2]/div/div/div/div/div/div/div/div[1]/div/div/d...'}
2025-03-21 17:41:03 - DEBUG - http://localhost:56436 "POST /session/e926ac32c761fad5d01c8eef35f319b7/element HTTP/1.1" 404 0
2025-03-21 17:41:03 - DEBUG - Remote response: status=404 | data={"value":{"error":"no such element","message":"no such element: Unable to locate element: {\"method\":\"xpath\",\"selector\":\"//*[@id=\"main-content\"]/div/div/div/main/div/div/div[2]/div/div/div/div/div/div/div/div[1]/div/div/div/button\"}\n  (Session info: chrome=134.0.6998.89)","stacktrace":"\tGetHandleVerifier [0x00007FF78BFDFE45+26629]\n\t(No symbol) [0x00007FF78BF46010]\n\t(No symbol) [0x00007FF78BDD931A]\n\t(No symbol) [0x00007FF78BE2F8E7]\n\t(No symbol) [0x00007FF78BE2FB1C]\n\t(No symbol) [0x00007FF78BE834A7]\n\t(No symbol) [0x00007FF78BE57AEF]\n\t(No symbol) [0x00007FF78BE80169]\n\t(No symbol) [0x00007FF78BE57883]\n\t(No symbol) [0x00007FF78BE20550]\n\t(No symbol) [0x00007FF78BE21803]\n\tGetHandleVerifier [0x00007FF78C3372BD+3529853]\n\tGetHandleVerifier [0x00007FF78C34DA22+3621858]\n\tGetHandleVerifier [0x00007FF78C3424D3+3575443]\n\tGetHandleVerifier [0x00007FF78C0AB77A+860474]\n\t(No symbol) [0x00007FF78BF5088F]\n\t(No symbol) [0x00007FF78BF4CBC4]\n\t(No symbol) [0x00007FF78BF4CD66]\n\t(No symbol) [0x00007FF78BF3C2C9]\n\tBaseThreadInitThunk [0x00007FFD9775E8D7+23]\n\tRtlUserThreadStart [0x00007FFD995BBF6C+44]\n"}} | headers=HTTPHeaderDict({'Content-Length': '1144', 'Content-Type': 'application/json; charset=utf-8', 'cache-control': 'no-cache'})
2025-03-21 17:41:03 - DEBUG - Finished Request
2025-03-21 17:41:03 - DEBUG - POST http://localhost:56436/session/e926ac32c761fad5d01c8eef35f319b7/element {'using': 'xpath', 'value': '//*[@id="main-content"]/div/div/div/main/div/div/div[2]/div/div/div/div/div/div/div/div[1]/div/div/d...'}
2025-03-21 17:41:03 - DEBUG - http://localhost:56436 "POST /session/e926ac32c761fad5d01c8eef35f319b7/element HTTP/1.1" 404 0
2025-03-21 17:41:03 - DEBUG - Remote response: status=404 | data={"value":{"error":"no such element","message":"no such element: Unable to locate element: {\"method\":\"xpath\",\"selector\":\"//*[@id=\"main-content\"]/div/div/div/main/div/div/div[2]/div/div/div/div/div/div/div/div[1]/div/div/div/button\"}\n  (Session info: chrome=134.0.6998.89)","stacktrace":"\tGetHandleVerifier [0x00007FF78BFDFE45+26629]\n\t(No symbol) [0x00007FF78BF46010]\n\t(No symbol) [0x00007FF78BDD931A]\n\t(No symbol) [0x00007FF78BE2F8E7]\n\t(No symbol) [0x00007FF78BE2FB1C]\n\t(No symbol) [0x00007FF78BE834A7]\n\t(No symbol) [0x00007FF78BE57AEF]\n\t(No symbol) [0x00007FF78BE80169]\n\t(No symbol) [0x00007FF78BE57883]\n\t(No symbol) [0x00007FF78BE20550]\n\t(No symbol) [0x00007FF78BE21803]\n\tGetHandleVerifier [0x00007FF78C3372BD+3529853]\n\tGetHandleVerifier [0x00007FF78C34DA22+3621858]\n\tGetHandleVerifier [0x00007FF78C3424D3+3575443]\n\tGetHandleVerifier [0x00007FF78C0AB77A+860474]\n\t(No symbol) [0x00007FF78BF5088F]\n\t(No symbol) [0x00007FF78BF4CBC4]\n\t(No symbol) [0x00007FF78BF4CD66]\n\t(No symbol) [0x00007FF78BF3C2C9]\n\tBaseThreadInitThunk [0x00007FFD9775E8D7+23]\n\tRtlUserThreadStart [0x00007FFD995BBF6C+44]\n"}} | headers=HTTPHeaderDict({'Content-Length': '1144', 'Content-Type': 'application/json; charset=utf-8', 'cache-control': 'no-cache'})
2025-03-21 17:41:03 - DEBUG - Finished Request
2025-03-21 17:41:04 - DEBUG - POST http://localhost:56436/session/e926ac32c761fad5d01c8eef35f319b7/element {'using': 'xpath', 'value': '//*[@id="main-content"]/div/div/div/main/div/div/div[2]/div/div/div/div/div/div/div/div[1]/div/div/d...'}
2025-03-21 17:41:04 - DEBUG - http://localhost:56436 "POST /session/e926ac32c761fad5d01c8eef35f319b7/element HTTP/1.1" 404 0
2025-03-21 17:41:04 - DEBUG - Remote response: status=404 | data={"value":{"error":"no such element","message":"no such element: Unable to locate element: {\"method\":\"xpath\",\"selector\":\"//*[@id=\"main-content\"]/div/div/div/main/div/div/div[2]/div/div/div/div/div/div/div/div[1]/div/div/div/button\"}\n  (Session info: chrome=134.0.6998.89)","stacktrace":"\tGetHandleVerifier [0x00007FF78BFDFE45+26629]\n\t(No symbol) [0x00007FF78BF46010]\n\t(No symbol) [0x00007FF78BDD931A]\n\t(No symbol) [0x00007FF78BE2F8E7]\n\t(No symbol) [0x00007FF78BE2FB1C]\n\t(No symbol) [0x00007FF78BE834A7]\n\t(No symbol) [0x00007FF78BE57AEF]\n\t(No symbol) [0x00007FF78BE80169]\n\t(No symbol) [0x00007FF78BE57883]\n\t(No symbol) [0x00007FF78BE20550]\n\t(No symbol) [0x00007FF78BE21803]\n\tGetHandleVerifier [0x00007FF78C3372BD+3529853]\n\tGetHandleVerifier [0x00007FF78C34DA22+3621858]\n\tGetHandleVerifier [0x00007FF78C3424D3+3575443]\n\tGetHandleVerifier [0x00007FF78C0AB77A+860474]\n\t(No symbol) [0x00007FF78BF5088F]\n\t(No symbol) [0x00007FF78BF4CBC4]\n\t(No symbol) [0x00007FF78BF4CD66]\n\t(No symbol) [0x00007FF78BF3C2C9]\n\tBaseThreadInitThunk [0x00007FFD9775E8D7+23]\n\tRtlUserThreadStart [0x00007FFD995BBF6C+44]\n"}} | headers=HTTPHeaderDict({'Content-Length': '1144', 'Content-Type': 'application/json; charset=utf-8', 'cache-control': 'no-cache'})
2025-03-21 17:41:04 - DEBUG - Finished Request
2025-03-21 17:41:05 - DEBUG - POST http://localhost:56436/session/e926ac32c761fad5d01c8eef35f319b7/element {'using': 'xpath', 'value': '//*[@id="main-content"]/div/div/div/main/div/div/div[2]/div/div/div/div/div/div/div/div[1]/div/div/d...'}
2025-03-21 17:41:05 - DEBUG - http://localhost:56436 "POST /session/e926ac32c761fad5d01c8eef35f319b7/element HTTP/1.1" 404 0
2025-03-21 17:41:05 - DEBUG - Remote response: status=404 | data={"value":{"error":"no such element","message":"no such element: Unable to locate element: {\"method\":\"xpath\",\"selector\":\"//*[@id=\"main-content\"]/div/div/div/main/div/div/div[2]/div/div/div/div/div/div/div/div[1]/div/div/div/button\"}\n  (Session info: chrome=134.0.6998.89)","stacktrace":"\tGetHandleVerifier [0x00007FF78BFDFE45+26629]\n\t(No symbol) [0x00007FF78BF46010]\n\t(No symbol) [0x00007FF78BDD931A]\n\t(No symbol) [0x00007FF78BE2F8E7]\n\t(No symbol) [0x00007FF78BE2FB1C]\n\t(No symbol) [0x00007FF78BE834A7]\n\t(No symbol) [0x00007FF78BE57AEF]\n\t(No symbol) [0x00007FF78BE80169]\n\t(No symbol) [0x00007FF78BE57883]\n\t(No symbol) [0x00007FF78BE20550]\n\t(No symbol) [0x00007FF78BE21803]\n\tGetHandleVerifier [0x00007FF78C3372BD+3529853]\n\tGetHandleVerifier [0x00007FF78C34DA22+3621858]\n\tGetHandleVerifier [0x00007FF78C3424D3+3575443]\n\tGetHandleVerifier [0x00007FF78C0AB77A+860474]\n\t(No symbol) [0x00007FF78BF5088F]\n\t(No symbol) [0x00007FF78BF4CBC4]\n\t(No symbol) [0x00007FF78BF4CD66]\n\t(No symbol) [0x00007FF78BF3C2C9]\n\tBaseThreadInitThunk [0x00007FFD9775E8D7+23]\n\tRtlUserThreadStart [0x00007FFD995BBF6C+44]\n"}} | headers=HTTPHeaderDict({'Content-Length': '1144', 'Content-Type': 'application/json; charset=utf-8', 'cache-control': 'no-cache'})
2025-03-21 17:41:05 - DEBUG - Finished Request
2025-03-21 17:41:05 - DEBUG - POST http://localhost:56436/session/e926ac32c761fad5d01c8eef35f319b7/element {'using': 'xpath', 'value': '//*[@id="main-content"]/div/div/div/main/div/div/div[2]/div/div/div/div/div/div/div/div[1]/div/div/d...'}
2025-03-21 17:41:05 - DEBUG - http://localhost:56436 "POST /session/e926ac32c761fad5d01c8eef35f319b7/element HTTP/1.1" 200 0
2025-03-21 17:41:05 - DEBUG - Remote response: status=200 | data={"value":{"element-6066-11e4-a52e-4f735466cecf":"f.719B44A529DB7669556A3F0F6D63B613.d.67FA2F7781B8BD4D49223BC4EC2437B4.e.4034"}} | headers=HTTPHeaderDict({'Content-Length': '128', 'Content-Type': 'application/json; charset=utf-8', 'cache-control': 'no-cache'})
2025-03-21 17:41:05 - DEBUG - Finished Request
2025-03-21 17:41:05 - DEBUG - POST http://localhost:56436/session/e926ac32c761fad5d01c8eef35f319b7/execute/sync {'script': '/* isDisplayed */return (function(){return (function(){var g=this||self;\nfunction aa(a){var b=typeof...', 'args': [{'element-6066-11e4-a52e-4f735466cecf': 'f.719B44A529DB7669556A3F0F6D63B613.d.67FA2F7781B8BD4D49223BC4EC2437B4.e.4034'}]}
2025-03-21 17:41:05 - DEBUG - http://localhost:56436 "POST /session/e926ac32c761fad5d01c8eef35f319b7/execute/sync HTTP/1.1" 200 0
2025-03-21 17:41:05 - DEBUG - Remote response: status=200 | data={"value":true} | headers=HTTPHeaderDict({'Content-Length': '14', 'Content-Type': 'application/json; charset=utf-8', 'cache-control': 'no-cache'})
2025-03-21 17:41:05 - DEBUG - Finished Request
2025-03-21 17:41:05 - DEBUG - POST http://localhost:56436/session/e926ac32c761fad5d01c8eef35f319b7/element {'using': 'xpath', 'value': '//*[@id="main-content"]/div/div/div/main/div/div/div[2]/div/div/div/div/div/div/div/div[1]/div/div/d...'}
2025-03-21 17:41:05 - DEBUG - http://localhost:56436 "POST /session/e926ac32c761fad5d01c8eef35f319b7/element HTTP/1.1" 200 0
2025-03-21 17:41:05 - DEBUG - Remote response: status=200 | data={"value":{"element-6066-11e4-a52e-4f735466cecf":"f.719B44A529DB7669556A3F0F6D63B613.d.67FA2F7781B8BD4D49223BC4EC2437B4.e.4034"}} | headers=HTTPHeaderDict({'Content-Length': '128', 'Content-Type': 'application/json; charset=utf-8', 'cache-control': 'no-cache'})
2025-03-21 17:41:05 - DEBUG - Finished Request
2025-03-21 17:41:05 - DEBUG - POST http://localhost:56436/session/e926ac32c761fad5d01c8eef35f319b7/element/f.719B44A529DB7669556A3F0F6D63B613.d.67FA2F7781B8BD4D49223BC4EC2437B4.e.4034/click {}
2025-03-21 17:41:05 - DEBUG - http://localhost:56436 "POST /session/e926ac32c761fad5d01c8eef35f319b7/element/f.719B44A529DB7669556A3F0F6D63B613.d.67FA2F7781B8BD4D49223BC4EC2437B4.e.4034/click HTTP/1.1" 200 0
2025-03-21 17:41:05 - DEBUG - Remote response: status=200 | data={"value":null} | headers=HTTPHeaderDict({'Content-Length': '14', 'Content-Type': 'application/json; charset=utf-8', 'cache-control': 'no-cache'})
2025-03-21 17:41:05 - DEBUG - Finished Request
2025-03-21 17:41:05 - DEBUG - POST http://localhost:56436/session/e926ac32c761fad5d01c8eef35f319b7/element {'using': 'xpath', 'value': '//*[@id="main-content"]/div/div/div/main/div/div/div[2]/div/div/div/div/button[1]'}
2025-03-21 17:41:05 - DEBUG - http://localhost:56436 "POST /session/e926ac32c761fad5d01c8eef35f319b7/element HTTP/1.1" 200 0
2025-03-21 17:41:05 - DEBUG - Remote response: status=200 | data={"value":{"element-6066-11e4-a52e-4f735466cecf":"f.719B44A529DB7669556A3F0F6D63B613.d.67FA2F7781B8BD4D49223BC4EC2437B4.e.4057"}} | headers=HTTPHeaderDict({'Content-Length': '128', 'Content-Type': 'application/json; charset=utf-8', 'cache-control': 'no-cache'})
2025-03-21 17:41:05 - DEBUG - Finished Request
2025-03-21 17:41:05 - DEBUG - POST http://localhost:56436/session/e926ac32c761fad5d01c8eef35f319b7/element/f.719B44A529DB7669556A3F0F6D63B613.d.67FA2F7781B8BD4D49223BC4EC2437B4.e.4057/click {}
2025-03-21 17:41:05 - DEBUG - http://localhost:56436 "POST /session/e926ac32c761fad5d01c8eef35f319b7/element/f.719B44A529DB7669556A3F0F6D63B613.d.67FA2F7781B8BD4D49223BC4EC2437B4.e.4057/click HTTP/1.1" 200 0
2025-03-21 17:41:05 - DEBUG - Remote response: status=200 | data={"value":null} | headers=HTTPHeaderDict({'Content-Length': '14', 'Content-Type': 'application/json; charset=utf-8', 'cache-control': 'no-cache'})
2025-03-21 17:41:05 - DEBUG - Finished Request
2025-03-21 17:41:05 - DEBUG - POST http://localhost:56436/session/e926ac32c761fad5d01c8eef35f319b7/element {'using': 'xpath', 'value': '//*[@id="main-content"]/div/div[1]/div/main/div/div/div[2]/div/div/div[2]/div/div/div/div/div[2]/div...'}
2025-03-21 17:41:05 - DEBUG - http://localhost:56436 "POST /session/e926ac32c761fad5d01c8eef35f319b7/element HTTP/1.1" 404 0
2025-03-21 17:41:05 - DEBUG - Remote response: status=404 | data={"value":{"error":"no such element","message":"no such element: Unable to locate element: {\"method\":\"xpath\",\"selector\":\"//*[@id=\"main-content\"]/div/div[1]/div/main/div/div/div[2]/div/div/div[2]/div/div/div/div/div[2]/div/div/div/button\"}\n  (Session info: chrome=134.0.6998.89)","stacktrace":"\tGetHandleVerifier [0x00007FF78BFDFE45+26629]\n\t(No symbol) [0x00007FF78BF46010]\n\t(No symbol) [0x00007FF78BDD931A]\n\t(No symbol) [0x00007FF78BE2F8E7]\n\t(No symbol) [0x00007FF78BE2FB1C]\n\t(No symbol) [0x00007FF78BE834A7]\n\t(No symbol) [0x00007FF78BE57AEF]\n\t(No symbol) [0x00007FF78BE80169]\n\t(No symbol) [0x00007FF78BE57883]\n\t(No symbol) [0x00007FF78BE20550]\n\t(No symbol) [0x00007FF78BE21803]\n\tGetHandleVerifier [0x00007FF78C3372BD+3529853]\n\tGetHandleVerifier [0x00007FF78C34DA22+3621858]\n\tGetHandleVerifier [0x00007FF78C3424D3+3575443]\n\tGetHandleVerifier [0x00007FF78C0AB77A+860474]\n\t(No symbol) [0x00007FF78BF5088F]\n\t(No symbol) [0x00007FF78BF4CBC4]\n\t(No symbol) [0x00007FF78BF4CD66]\n\t(No symbol) [0x00007FF78BF3C2C9]\n\tBaseThreadInitThunk [0x00007FFD9775E8D7+23]\n\tRtlUserThreadStart [0x00007FFD995BBF6C+44]\n"}} | headers=HTTPHeaderDict({'Content-Length': '1150', 'Content-Type': 'application/json; charset=utf-8', 'cache-control': 'no-cache'})
2025-03-21 17:41:05 - DEBUG - Finished Request
2025-03-21 17:41:06 - DEBUG - POST http://localhost:56436/session/e926ac32c761fad5d01c8eef35f319b7/element {'using': 'xpath', 'value': '//*[@id="main-content"]/div/div[1]/div/main/div/div/div[2]/div/div/div[2]/div/div/div/div/div[2]/div...'}
2025-03-21 17:41:06 - DEBUG - http://localhost:56436 "POST /session/e926ac32c761fad5d01c8eef35f319b7/element HTTP/1.1" 404 0
2025-03-21 17:41:06 - DEBUG - Remote response: status=404 | data={"value":{"error":"no such element","message":"no such element: Unable to locate element: {\"method\":\"xpath\",\"selector\":\"//*[@id=\"main-content\"]/div/div[1]/div/main/div/div/div[2]/div/div/div[2]/div/div/div/div/div[2]/div/div/div/button\"}\n  (Session info: chrome=134.0.6998.89)","stacktrace":"\tGetHandleVerifier [0x00007FF78BFDFE45+26629]\n\t(No symbol) [0x00007FF78BF46010]\n\t(No symbol) [0x00007FF78BDD931A]\n\t(No symbol) [0x00007FF78BE2F8E7]\n\t(No symbol) [0x00007FF78BE2FB1C]\n\t(No symbol) [0x00007FF78BE834A7]\n\t(No symbol) [0x00007FF78BE57AEF]\n\t(No symbol) [0x00007FF78BE80169]\n\t(No symbol) [0x00007FF78BE57883]\n\t(No symbol) [0x00007FF78BE20550]\n\t(No symbol) [0x00007FF78BE21803]\n\tGetHandleVerifier [0x00007FF78C3372BD+3529853]\n\tGetHandleVerifier [0x00007FF78C34DA22+3621858]\n\tGetHandleVerifier [0x00007FF78C3424D3+3575443]\n\tGetHandleVerifier [0x00007FF78C0AB77A+860474]\n\t(No symbol) [0x00007FF78BF5088F]\n\t(No symbol) [0x00007FF78BF4CBC4]\n\t(No symbol) [0x00007FF78BF4CD66]\n\t(No symbol) [0x00007FF78BF3C2C9]\n\tBaseThreadInitThunk [0x00007FFD9775E8D7+23]\n\tRtlUserThreadStart [0x00007FFD995BBF6C+44]\n"}} | headers=HTTPHeaderDict({'Content-Length': '1150', 'Content-Type': 'application/json; charset=utf-8', 'cache-control': 'no-cache'})
2025-03-21 17:41:06 - DEBUG - Finished Request
2025-03-21 17:41:06 - DEBUG - POST http://localhost:56436/session/e926ac32c761fad5d01c8eef35f319b7/element {'using': 'xpath', 'value': '//*[@id="main-content"]/div/div[1]/div/main/div/div/div[2]/div/div/div[2]/div/div/div/div/div[2]/div...'}
2025-03-21 17:41:06 - DEBUG - http://localhost:56436 "POST /session/e926ac32c761fad5d01c8eef35f319b7/element HTTP/1.1" 404 0
2025-03-21 17:41:06 - DEBUG - Remote response: status=404 | data={"value":{"error":"no such element","message":"no such element: Unable to locate element: {\"method\":\"xpath\",\"selector\":\"//*[@id=\"main-content\"]/div/div[1]/div/main/div/div/div[2]/div/div/div[2]/div/div/div/div/div[2]/div/div/div/button\"}\n  (Session info: chrome=134.0.6998.89)","stacktrace":"\tGetHandleVerifier [0x00007FF78BFDFE45+26629]\n\t(No symbol) [0x00007FF78BF46010]\n\t(No symbol) [0x00007FF78BDD931A]\n\t(No symbol) [0x00007FF78BE2F8E7]\n\t(No symbol) [0x00007FF78BE2FB1C]\n\t(No symbol) [0x00007FF78BE834A7]\n\t(No symbol) [0x00007FF78BE57AEF]\n\t(No symbol) [0x00007FF78BE80169]\n\t(No symbol) [0x00007FF78BE57883]\n\t(No symbol) [0x00007FF78BE20550]\n\t(No symbol) [0x00007FF78BE21803]\n\tGetHandleVerifier [0x00007FF78C3372BD+3529853]\n\tGetHandleVerifier [0x00007FF78C34DA22+3621858]\n\tGetHandleVerifier [0x00007FF78C3424D3+3575443]\n\tGetHandleVerifier [0x00007FF78C0AB77A+860474]\n\t(No symbol) [0x00007FF78BF5088F]\n\t(No symbol) [0x00007FF78BF4CBC4]\n\t(No symbol) [0x00007FF78BF4CD66]\n\t(No symbol) [0x00007FF78BF3C2C9]\n\tBaseThreadInitThunk [0x00007FFD9775E8D7+23]\n\tRtlUserThreadStart [0x00007FFD995BBF6C+44]\n"}} | headers=HTTPHeaderDict({'Content-Length': '1150', 'Content-Type': 'application/json; charset=utf-8', 'cache-control': 'no-cache'})
2025-03-21 17:41:06 - DEBUG - Finished Request
2025-03-21 17:41:07 - DEBUG - POST http://localhost:56436/session/e926ac32c761fad5d01c8eef35f319b7/element {'using': 'xpath', 'value': '//*[@id="main-content"]/div/div[1]/div/main/div/div/div[2]/div/div/div[2]/div/div/div/div/div[2]/div...'}
2025-03-21 17:41:07 - DEBUG - http://localhost:56436 "POST /session/e926ac32c761fad5d01c8eef35f319b7/element HTTP/1.1" 404 0
2025-03-21 17:41:07 - DEBUG - Remote response: status=404 | data={"value":{"error":"no such element","message":"no such element: Unable to locate element: {\"method\":\"xpath\",\"selector\":\"//*[@id=\"main-content\"]/div/div[1]/div/main/div/div/div[2]/div/div/div[2]/div/div/div/div/div[2]/div/div/div/button\"}\n  (Session info: chrome=134.0.6998.89)","stacktrace":"\tGetHandleVerifier [0x00007FF78BFDFE45+26629]\n\t(No symbol) [0x00007FF78BF46010]\n\t(No symbol) [0x00007FF78BDD931A]\n\t(No symbol) [0x00007FF78BE2F8E7]\n\t(No symbol) [0x00007FF78BE2FB1C]\n\t(No symbol) [0x00007FF78BE834A7]\n\t(No symbol) [0x00007FF78BE57AEF]\n\t(No symbol) [0x00007FF78BE80169]\n\t(No symbol) [0x00007FF78BE57883]\n\t(No symbol) [0x00007FF78BE20550]\n\t(No symbol) [0x00007FF78BE21803]\n\tGetHandleVerifier [0x00007FF78C3372BD+3529853]\n\tGetHandleVerifier [0x00007FF78C34DA22+3621858]\n\tGetHandleVerifier [0x00007FF78C3424D3+3575443]\n\tGetHandleVerifier [0x00007FF78C0AB77A+860474]\n\t(No symbol) [0x00007FF78BF5088F]\n\t(No symbol) [0x00007FF78BF4CBC4]\n\t(No symbol) [0x00007FF78BF4CD66]\n\t(No symbol) [0x00007FF78BF3C2C9]\n\tBaseThreadInitThunk [0x00007FFD9775E8D7+23]\n\tRtlUserThreadStart [0x00007FFD995BBF6C+44]\n"}} | headers=HTTPHeaderDict({'Content-Length': '1150', 'Content-Type': 'application/json; charset=utf-8', 'cache-control': 'no-cache'})
2025-03-21 17:41:07 - DEBUG - Finished Request
2025-03-21 17:41:07 - DEBUG - POST http://localhost:56436/session/e926ac32c761fad5d01c8eef35f319b7/element {'using': 'xpath', 'value': '//*[@id="main-content"]/div/div[1]/div/main/div/div/div[2]/div/div/div[2]/div/div/div/div/div[2]/div...'}
2025-03-21 17:41:07 - DEBUG - http://localhost:56436 "POST /session/e926ac32c761fad5d01c8eef35f319b7/element HTTP/1.1" 200 0
2025-03-21 17:41:07 - DEBUG - Remote response: status=200 | data={"value":{"element-6066-11e4-a52e-4f735466cecf":"f.719B44A529DB7669556A3F0F6D63B613.d.67FA2F7781B8BD4D49223BC4EC2437B4.e.4109"}} | headers=HTTPHeaderDict({'Content-Length': '128', 'Content-Type': 'application/json; charset=utf-8', 'cache-control': 'no-cache'})
2025-03-21 17:41:07 - DEBUG - Finished Request
2025-03-21 17:41:07 - DEBUG - POST http://localhost:56436/session/e926ac32c761fad5d01c8eef35f319b7/execute/sync {'script': '/* isDisplayed */return (function(){return (function(){var g=this||self;\nfunction aa(a){var b=typeof...', 'args': [{'element-6066-11e4-a52e-4f735466cecf': 'f.719B44A529DB7669556A3F0F6D63B613.d.67FA2F7781B8BD4D49223BC4EC2437B4.e.4109'}]}
2025-03-21 17:41:07 - DEBUG - http://localhost:56436 "POST /session/e926ac32c761fad5d01c8eef35f319b7/execute/sync HTTP/1.1" 200 0
2025-03-21 17:41:07 - DEBUG - Remote response: status=200 | data={"value":true} | headers=HTTPHeaderDict({'Content-Length': '14', 'Content-Type': 'application/json; charset=utf-8', 'cache-control': 'no-cache'})
2025-03-21 17:41:07 - DEBUG - Finished Request
2025-03-21 17:41:07 - DEBUG - POST http://localhost:56436/session/e926ac32c761fad5d01c8eef35f319b7/element {'using': 'xpath', 'value': '//*[@id="main-content"]/div/div[1]/div/main/div/div/div[2]/div/div/div[2]/div/div/div/div/div[2]/div...'}
2025-03-21 17:41:07 - DEBUG - http://localhost:56436 "POST /session/e926ac32c761fad5d01c8eef35f319b7/element HTTP/1.1" 200 0
2025-03-21 17:41:07 - DEBUG - Remote response: status=200 | data={"value":{"element-6066-11e4-a52e-4f735466cecf":"f.719B44A529DB7669556A3F0F6D63B613.d.67FA2F7781B8BD4D49223BC4EC2437B4.e.4109"}} | headers=HTTPHeaderDict({'Content-Length': '128', 'Content-Type': 'application/json; charset=utf-8', 'cache-control': 'no-cache'})
2025-03-21 17:41:07 - DEBUG - Finished Request
2025-03-21 17:41:07 - DEBUG - POST http://localhost:56436/session/e926ac32c761fad5d01c8eef35f319b7/element/f.719B44A529DB7669556A3F0F6D63B613.d.67FA2F7781B8BD4D49223BC4EC2437B4.e.4109/click {}
2025-03-21 17:41:07 - DEBUG - http://localhost:56436 "POST /session/e926ac32c761fad5d01c8eef35f319b7/element/f.719B44A529DB7669556A3F0F6D63B613.d.67FA2F7781B8BD4D49223BC4EC2437B4.e.4109/click HTTP/1.1" 200 0
2025-03-21 17:41:07 - DEBUG - Remote response: status=200 | data={"value":null} | headers=HTTPHeaderDict({'Content-Length': '14', 'Content-Type': 'application/json; charset=utf-8', 'cache-control': 'no-cache'})
2025-03-21 17:41:07 - DEBUG - Finished Request
2025-03-21 17:41:07 - DEBUG - POST http://localhost:56436/session/e926ac32c761fad5d01c8eef35f319b7/element {'using': 'xpath', 'value': '//*[@id="main-content"]/div/div[1]/div/main/div/div/div[2]/div/div/div[2]/div/button'}
2025-03-21 17:41:07 - DEBUG - http://localhost:56436 "POST /session/e926ac32c761fad5d01c8eef35f319b7/element HTTP/1.1" 200 0
2025-03-21 17:41:07 - DEBUG - Remote response: status=200 | data={"value":{"element-6066-11e4-a52e-4f735466cecf":"f.719B44A529DB7669556A3F0F6D63B613.d.67FA2F7781B8BD4D49223BC4EC2437B4.e.4119"}} | headers=HTTPHeaderDict({'Content-Length': '128', 'Content-Type': 'application/json; charset=utf-8', 'cache-control': 'no-cache'})
2025-03-21 17:41:07 - DEBUG - Finished Request
2025-03-21 17:41:07 - DEBUG - POST http://localhost:56436/session/e926ac32c761fad5d01c8eef35f319b7/element/f.719B44A529DB7669556A3F0F6D63B613.d.67FA2F7781B8BD4D49223BC4EC2437B4.e.4119/click {}
2025-03-21 17:41:08 - DEBUG - http://localhost:56436 "POST /session/e926ac32c761fad5d01c8eef35f319b7/element/f.719B44A529DB7669556A3F0F6D63B613.d.67FA2F7781B8BD4D49223BC4EC2437B4.e.4119/click HTTP/1.1" 200 0
2025-03-21 17:41:08 - DEBUG - Remote response: status=200 | data={"value":null} | headers=HTTPHeaderDict({'Content-Length': '14', 'Content-Type': 'application/json; charset=utf-8', 'cache-control': 'no-cache'})
2025-03-21 17:41:08 - DEBUG - Finished Request
2025-03-21 17:41:08 - DEBUG - POST http://localhost:56436/session/e926ac32c761fad5d01c8eef35f319b7/element {'using': 'xpath', 'value': '//*[@id="main-content"]/div/div/div/main/div/div/div[2]/div/div/div[3]/div[1]/div/div/div/div[1]/div...'}
2025-03-21 17:41:08 - DEBUG - http://localhost:56436 "POST /session/e926ac32c761fad5d01c8eef35f319b7/element HTTP/1.1" 200 0
2025-03-21 17:41:08 - DEBUG - Remote response: status=200 | data={"value":{"element-6066-11e4-a52e-4f735466cecf":"f.719B44A529DB7669556A3F0F6D63B613.d.67FA2F7781B8BD4D49223BC4EC2437B4.e.4397"}} | headers=HTTPHeaderDict({'Content-Length': '128', 'Content-Type': 'application/json; charset=utf-8', 'cache-control': 'no-cache'})
2025-03-21 17:41:08 - DEBUG - Finished Request
2025-03-21 17:41:08 - DEBUG - POST http://localhost:56436/session/e926ac32c761fad5d01c8eef35f319b7/element/f.719B44A529DB7669556A3F0F6D63B613.d.67FA2F7781B8BD4D49223BC4EC2437B4.e.4397/element {'using': 'tag name', 'value': 'p'}
2025-03-21 17:41:08 - DEBUG - http://localhost:56436 "POST /session/e926ac32c761fad5d01c8eef35f319b7/element/f.719B44A529DB7669556A3F0F6D63B613.d.67FA2F7781B8BD4D49223BC4EC2437B4.e.4397/element HTTP/1.1" 200 0
2025-03-21 17:41:08 - DEBUG - Remote response: status=200 | data={"value":{"element-6066-11e4-a52e-4f735466cecf":"f.719B44A529DB7669556A3F0F6D63B613.d.67FA2F7781B8BD4D49223BC4EC2437B4.e.4395"}} | headers=HTTPHeaderDict({'Content-Length': '128', 'Content-Type': 'application/json; charset=utf-8', 'cache-control': 'no-cache'})
2025-03-21 17:41:08 - DEBUG - Finished Request
2025-03-21 17:41:08 - DEBUG - GET http://localhost:56436/session/e926ac32c761fad5d01c8eef35f319b7/element/f.719B44A529DB7669556A3F0F6D63B613.d.67FA2F7781B8BD4D49223BC4EC2437B4.e.4395/text {}
2025-03-21 17:41:08 - DEBUG - http://localhost:56436 "GET /session/e926ac32c761fad5d01c8eef35f319b7/element/f.719B44A529DB7669556A3F0F6D63B613.d.67FA2F7781B8BD4D49223BC4EC2437B4.e.4395/text HTTP/1.1" 200 0
2025-03-21 17:41:08 - DEBUG - Remote response: status=200 | data={"value":"EAEH-X7MP-RUMP-577X-G29R"} | headers=HTTPHeaderDict({'Content-Length': '36', 'Content-Type': 'application/json; charset=utf-8', 'cache-control': 'no-cache'})
2025-03-21 17:41:08 - DEBUG - Finished Request
2025-03-21 17:41:08 - INFO - EAEH-X7MP-RUMP-577X-G29R
